<?xml version="1.0" encoding="UTF-8"?>
<testng-results ignored="0" total="0" passed="0" failed="0" skipped="0">
  <reporter-output>
  </reporter-output>
  <suite started-at="2023-07-09T10:27:54 EDT" name="Default suite" finished-at="2023-07-09T10:27:57 EDT" duration-ms="2088">
    <groups>
      <group name="cucumber">
        <method signature="AbstractTestNGCucumberTests.runScenario(io.cucumber.testng.PickleWrapper,io.cucumber.testng.FeatureWrapper)[pri:0, instance:dsAlgo_TestRunner.TestRunner@fd07cbb]" name="runScenario" class="io.cucumber.testng.AbstractTestNGCucumberTests"/>
      </group> <!-- cucumber -->
    </groups>
    <test started-at="2023-07-09T10:27:54 EDT" name="Default test" finished-at="2023-07-09T10:27:57 EDT" duration-ms="2088">
      <class name="dsAlgo_TestRunner.TestRunner">
        <test-method is-config="true" signature="setUpClass(org.testng.ITestContext)[pri:0, instance:dsAlgo_TestRunner.TestRunner@fd07cbb]" started-at="2023-07-09T10:27:54 EDT" name="setUpClass" finished-at="2023-07-09T10:27:55 EDT" duration-ms="478" status="PASS">
          <params>
            <param index="0">
              <value>
                <![CDATA[org.testng.TestRunner@2e1ddc90]]>
              </value>
            </param>
          </params>
          <reporter-output>
          </reporter-output>
        </test-method> <!-- setUpClass -->
        <test-method is-config="true" signature="tearDownClass()[pri:0, instance:dsAlgo_TestRunner.TestRunner@fd07cbb]" started-at="2023-07-09T10:27:55 EDT" name="tearDownClass" finished-at="2023-07-09T10:27:57 EDT" duration-ms="1587" status="PASS">
          <reporter-output>
          </reporter-output>
        </test-method> <!-- tearDownClass -->
      </class> <!-- dsAlgo_TestRunner.TestRunner -->
    </test> <!-- Default test -->
  </suite> <!-- Default suite -->
</testng-results>
